z:\work\c++\projects\c++ shooter\cmp5327-c-programming-for-games-assessment-jake-harris2\c++ shooter (not working)\c++ shooter\debug\c++ shooter.pch
z:\work\c++\projects\c++ shooter\cmp5327-c-programming-for-games-assessment-jake-harris2\c++ shooter (not working)\c++ shooter\debug\vc141.pdb
z:\work\c++\projects\c++ shooter\cmp5327-c-programming-for-games-assessment-jake-harris2\c++ shooter (not working)\c++ shooter\debug\stdafx.obj
z:\work\c++\projects\c++ shooter\cmp5327-c-programming-for-games-assessment-jake-harris2\c++ shooter (not working)\c++ shooter\debug\game.obj
z:\work\c++\projects\c++ shooter\cmp5327-c-programming-for-games-assessment-jake-harris2\c++ shooter (not working)\c++ shooter\debug\c++ shooter.obj
z:\work\c++\projects\c++ shooter\cmp5327-c-programming-for-games-assessment-jake-harris2\c++ shooter (not working)\c++ shooter\debug\assemblyinfo.obj
z:\work\c++\projects\c++ shooter\cmp5327-c-programming-for-games-assessment-jake-harris2\c++ shooter (not working)\c++ shooter\debug\.netframework,version=v4.6.1.assemblyattributes.obj
z:\work\c++\projects\c++ shooter\cmp5327-c-programming-for-games-assessment-jake-harris2\c++ shooter (not working)\c++ shooter\debug\.netframework,version=v4.6.1.assemblyattributes.asm
z:\work\c++\projects\c++ shooter\cmp5327-c-programming-for-games-assessment-jake-harris2\c++ shooter (not working)\debug\c++ shooter.exe
z:\work\c++\projects\c++ shooter\cmp5327-c-programming-for-games-assessment-jake-harris2\c++ shooter (not working)\debug\c++ shooter.pdb
z:\work\c++\projects\c++ shooter\cmp5327-c-programming-for-games-assessment-jake-harris2\c++ shooter (not working)\c++ shooter\debug\app.res
z:\work\c++\projects\c++ shooter\cmp5327-c-programming-for-games-assessment-jake-harris2\c++ shooter (not working)\c++ shooter\debug\c++ shooter.tlog\cl.command.1.tlog
z:\work\c++\projects\c++ shooter\cmp5327-c-programming-for-games-assessment-jake-harris2\c++ shooter (not working)\c++ shooter\debug\c++ shooter.tlog\cl.read.1.tlog
z:\work\c++\projects\c++ shooter\cmp5327-c-programming-for-games-assessment-jake-harris2\c++ shooter (not working)\c++ shooter\debug\c++ shooter.tlog\cl.write.1.tlog
z:\work\c++\projects\c++ shooter\cmp5327-c-programming-for-games-assessment-jake-harris2\c++ shooter (not working)\c++ shooter\debug\c++ shooter.tlog\link.command.1.tlog
z:\work\c++\projects\c++ shooter\cmp5327-c-programming-for-games-assessment-jake-harris2\c++ shooter (not working)\c++ shooter\debug\c++ shooter.tlog\link.read.1.tlog
z:\work\c++\projects\c++ shooter\cmp5327-c-programming-for-games-assessment-jake-harris2\c++ shooter (not working)\c++ shooter\debug\c++ shooter.tlog\link.write.1.tlog
z:\work\c++\projects\c++ shooter\cmp5327-c-programming-for-games-assessment-jake-harris2\c++ shooter (not working)\c++ shooter\debug\c++ shooter.tlog\metagen.read.1.tlog
z:\work\c++\projects\c++ shooter\cmp5327-c-programming-for-games-assessment-jake-harris2\c++ shooter (not working)\c++ shooter\debug\c++ shooter.tlog\metagen.write.1.tlog
z:\work\c++\projects\c++ shooter\cmp5327-c-programming-for-games-assessment-jake-harris2\c++ shooter (not working)\c++ shooter\debug\c++ shooter.tlog\rc.command.1.tlog
z:\work\c++\projects\c++ shooter\cmp5327-c-programming-for-games-assessment-jake-harris2\c++ shooter (not working)\c++ shooter\debug\c++ shooter.tlog\rc.read.1.tlog
z:\work\c++\projects\c++ shooter\cmp5327-c-programming-for-games-assessment-jake-harris2\c++ shooter (not working)\c++ shooter\debug\c++ shooter.tlog\rc.write.1.tlog
